{"C:\\wamp64\\www\\Romo_Guillermo-API\\Unidad 3\\Test-Jest\\src\\modulo.js": {"path":"C:\\wamp64\\www\\Romo_Guillermo-API\\Unidad 3\\Test-Jest\\src\\modulo.js","all":false,"statementMap":{"0":{"start":{"line":1,"column":0},"end":{"line":1,"column":30}},"1":{"start":{"line":2,"column":0},"end":{"line":2,"column":23}},"2":{"start":{"line":3,"column":0},"end":{"line":3,"column":27}},"3":{"start":{"line":4,"column":0},"end":{"line":4,"column":3}}},"s":{"0":0,"1":0,"2":0,"3":0},"branchMap":{},"b":{},"fnMap":{"0":{"name":"calcularArea","decl":{"start":{"line":1,"column":0},"end":{"line":4,"column":3}},"loc":{"start":{"line":1,"column":0},"end":{"line":4,"column":3}},"line":1}},"f":{"0":0}}
}
